# JRE version: Java(TM) SE Runtime Environment (8.0_211-b12) (build 1.8.0_211-b12)
# Java VM: Java HotSpot(TM) 64-Bit Server VM (25.211-b12 mixed mode windows-amd64 compressed oops)
Heap:
 PSYoungGen      total 97280K, used 42873K [0x00000000f5580000, 0x00000000fc500000, 0x0000000100000000)
  eden space 85504K, 45% used [0x00000000f5580000,0x00000000f7b168d0,0x00000000fa900000)
  from space 11776K, 37% used [0x00000000fb500000,0x00000000fb947e88,0x00000000fc080000)
  to   space 12288K, 0% used [0x00000000fa900000,0x00000000fa900000,0x00000000fb500000)
 ParOldGen       total 229376K, used 16836K [0x00000000e0000000, 0x00000000ee000000, 0x00000000f5580000)
  object space 229376K, 7% used [0x00000000e0000000,0x00000000e1071330,0x00000000ee000000)
 Metaspace       used 38208K, capacity 39858K, committed 40064K, reserved 1083392K
  class space    used 5330K, capacity 5676K, committed 5760K, reserved 1048576K
GC Heap History (10 events):
Event: 47.490 GC heap before
{Heap before GC invocations=7 (full 1):
 PSYoungGen      total 76288K, used 73945K [0x00000000f5580000, 0x00000000fb380000, 0x0000000100000000)
  eden space 65536K, 100% used [0x00000000f5580000,0x00000000f9580000,0x00000000f9580000)
  from space 10752K, 78% used [0x00000000f9580000,0x00000000f9db6580,0x00000000fa000000)
  to   space 11776K, 0% used [0x00000000fa800000,0x00000000fa800000,0x00000000fb380000)
 ParOldGen       total 175104K, used 8145K [0x00000000e0000000, 0x00000000eab00000, 0x00000000f5580000)
  object space 175104K, 4% used [0x00000000e0000000,0x00000000e07f46c0,0x00000000eab00000)
 Metaspace       used 32626K, capacity 33724K, committed 33920K, reserved 1079296K
  class space    used 4608K, capacity 4894K, committed 4992K, reserved 1048576K
Event: 47.499 GC heap after
Heap after GC invocations=7 (full 1):
 PSYoungGen      total 83456K, used 9490K [0x00000000f5580000, 0x00000000fb300000, 0x0000000100000000)
  eden space 72192K, 0% used [0x00000000f5580000,0x00000000f5580000,0x00000000f9c00000)
  from space 11264K, 84% used [0x00000000fa800000,0x00000000fb144b10,0x00000000fb300000)
  to   space 11776K, 0% used [0x00000000f9c00000,0x00000000f9c00000,0x00000000fa780000)
 ParOldGen       total 175104K, used 8153K [0x00000000e0000000, 0x00000000eab00000, 0x00000000f5580000)
  object space 175104K, 4% used [0x00000000e0000000,0x00000000e07f66c0,0x00000000eab00000)
 Metaspace       used 32626K, capacity 33724K, committed 33920K, reserved 1079296K
  class space    used 4608K, capacity 4894K, committed 4992K, reserved 1048576K
}
Event: 48.399 GC heap before
{Heap before GC invocations=8 (full 1):
 PSYoungGen      total 83456K, used 44418K [0x00000000f5580000, 0x00000000fb300000, 0x0000000100000000)
  eden space 72192K, 48% used [0x00000000f5580000,0x00000000f779c0b8,0x00000000f9c00000)
  from space 11264K, 84% used [0x00000000fa800000,0x00000000fb144b10,0x00000000fb300000)
  to   space 11776K, 0% used [0x00000000f9c00000,0x00000000f9c00000,0x00000000fa780000)
 ParOldGen       total 175104K, used 8153K [0x00000000e0000000, 0x00000000eab00000, 0x00000000f5580000)
  object space 175104K, 4% used [0x00000000e0000000,0x00000000e07f66c0,0x00000000eab00000)
 Metaspace       used 34282K, capacity 35400K, committed 35496K, reserved 1079296K
  class space    used 4787K, capacity 5041K, committed 5120K, reserved 1048576K
Event: 48.406 GC heap after
Heap after GC invocations=8 (full 1):
 PSYoungGen      total 83968K, used 9491K [0x00000000f5580000, 0x00000000fc080000, 0x0000000100000000)
  eden space 72192K, 0% used [0x00000000f5580000,0x00000000f5580000,0x00000000f9c00000)
  from space 11776K, 80% used [0x00000000f9c00000,0x00000000fa544f20,0x00000000fa780000)
  to   space 11776K, 0% used [0x00000000fb500000,0x00000000fb500000,0x00000000fc080000)
 ParOldGen       total 175104K, used 8161K [0x00000000e0000000, 0x00000000eab00000, 0x00000000f5580000)
  object space 175104K, 4% used [0x00000000e0000000,0x00000000e07f86c0,0x00000000eab00000)
 Metaspace       used 34282K, capacity 35400K, committed 35496K, reserved 1079296K
  class space    used 4787K, capacity 5041K, committed 5120K, reserved 1048576K
}
Event: 48.406 GC heap before
{Heap before GC invocations=9 (full 2):
 PSYoungGen      total 83968K, used 9491K [0x00000000f5580000, 0x00000000fc080000, 0x0000000100000000)
  eden space 72192K, 0% used [0x00000000f5580000,0x00000000f5580000,0x00000000f9c00000)
  from space 11776K, 80% used [0x00000000f9c00000,0x00000000fa544f20,0x00000000fa780000)
  to   space 11776K, 0% used [0x00000000fb500000,0x00000000fb500000,0x00000000fc080000)
 ParOldGen       total 175104K, used 8161K [0x00000000e0000000, 0x00000000eab00000, 0x00000000f5580000)
  object space 175104K, 4% used [0x00000000e0000000,0x00000000e07f86c0,0x00000000eab00000)
 Metaspace       used 34282K, capacity 35400K, committed 35496K, reserved 1079296K
  class space    used 4787K, capacity 5041K, committed 5120K, reserved 1048576K
Event: 48.460 GC heap after
Heap after GC invocations=9 (full 2):
 PSYoungGen      total 83968K, used 0K [0x00000000f5580000, 0x00000000fc080000, 0x0000000100000000)
  eden space 72192K, 0% used [0x00000000f5580000,0x00000000f5580000,0x00000000f9c00000)
  from space 11776K, 0% used [0x00000000f9c00000,0x00000000f9c00000,0x00000000fa780000)
  to   space 11776K, 0% used [0x00000000fb500000,0x00000000fb500000,0x00000000fc080000)
 ParOldGen       total 229376K, used 16239K [0x00000000e0000000, 0x00000000ee000000, 0x00000000f5580000)
  object space 229376K, 7% used [0x00000000e0000000,0x00000000e0fdbe40,0x00000000ee000000)
 Metaspace       used 34282K, capacity 35400K, committed 35496K, reserved 1079296K
  class space    used 4787K, capacity 5041K, committed 5120K, reserved 1048576K
}
Event: 68.532 GC heap before
{Heap before GC invocations=10 (full 2):
 PSYoungGen      total 83968K, used 72192K [0x00000000f5580000, 0x00000000fc080000, 0x0000000100000000)
  eden space 72192K, 100% used [0x00000000f5580000,0x00000000f9c00000,0x00000000f9c00000)
  from space 11776K, 0% used [0x00000000f9c00000,0x00000000f9c00000,0x00000000fa780000)
  to   space 11776K, 0% used [0x00000000fb500000,0x00000000fb500000,0x00000000fc080000)
 ParOldGen       total 229376K, used 16265K [0x00000000e0000000, 0x00000000ee000000, 0x00000000f5580000)
  object space 229376K, 7% used [0x00000000e0000000,0x00000000e0fe2660,0x00000000ee000000)
 Metaspace       used 37817K, capacity 39458K, committed 39552K, reserved 1083392K
  class space    used 5314K, capacity 5672K, committed 5760K, reserved 1048576K
Event: 68.546 GC heap after
Heap after GC invocations=10 (full 2):
 PSYoungGen      total 97280K, used 5457K [0x00000000f5580000, 0x00000000fc500000, 0x0000000100000000)
  eden space 85504K, 0% used [0x00000000f5580000,0x00000000f5580000,0x00000000fa900000)
  from space 11776K, 46% used [0x00000000fb500000,0x00000000fba54560,0x00000000fc080000)
  to   space 12288K, 0% used [0x00000000fa900000,0x00000000fa900000,0x00000000fb500000)
 ParOldGen       total 229376K, used 16273K [0x00000000e0000000, 0x00000000ee000000, 0x00000000f5580000)
  object space 229376K, 7% used [0x00000000e0000000,0x00000000e0fe4660,0x00000000ee000000)
 Metaspace       used 37817K, capacity 39458K, committed 39552K, reserved 1083392K
  class space    used 5314K, capacity 5672K, committed 5760K, reserved 1048576K
}
Event: 70.680 GC heap before
{Heap before GC invocations=11 (full 2):
 PSYoungGen      total 97280K, used 90961K [0x00000000f5580000, 0x00000000fc500000, 0x0000000100000000)
  eden space 85504K, 100% used [0x00000000f5580000,0x00000000fa900000,0x00000000fa900000)
  from space 11776K, 46% used [0x00000000fb500000,0x00000000fba54560,0x00000000fc080000)
  to   space 12288K, 0% used [0x00000000fa900000,0x00000000fa900000,0x00000000fb500000)
 ParOldGen       total 229376K, used 16693K [0x00000000e0000000, 0x00000000ee000000, 0x00000000f5580000)
  object space 229376K, 7% used [0x00000000e0000000,0x00000000e104d5b0,0x00000000ee000000)
 Metaspace       used 38188K, capacity 39858K, committed 40064K, reserved 1083392K
  class space    used 5330K, capacity 5676K, committed 5760K, reserved 1048576K
Event: 70.684 GC heap after
Heap after GC invocations=11 (full 2):
 PSYoungGen      total 97792K, used 3833K [0x00000000f5580000, 0x00000000fc500000, 0x0000000100000000)
  eden space 85504K, 0% used [0x00000000f5580000,0x00000000f5580000,0x00000000fa900000)
  from space 12288K, 31% used [0x00000000fa900000,0x00000000facbe770,0x00000000fb500000)
  to   space 11776K, 0% used [0x00000000fb500000,0x00000000fb500000,0x00000000fc080000)
 ParOldGen       total 229376K, used 16693K [0x00000000e0000000, 0x00000000ee000000, 0x00000000f5580000)
  object space 229376K, 7% used [0x00000000e0000000,0x00000000e104d5b0,0x00000000ee000000)
 Metaspace       used 38188K, capacity 39858K, committed 40064K, reserved 1083392K
  class space    used 5330K, capacity 5676K, committed 5760K, reserved 1048576K
}

